<?xml version="1.0" encoding="UTF-8"?>
<robot generator="Robot 3.1.2 (Python 3.8.0 on win32)" generated="20210704 15:06:02.802" rpa="false">
<suite id="s1" name="TestSuite1" source="C:\Users\user\RED_0.9.5.20200724101746-win32.win32.x86_64\workspace\RobotProject1\test\TestSuite1.robot">
<kw name="Log" library="BuiltIn" type="setup">
<doc>Logs the given message with the given level.</doc>
<arguments>
<arg>I am inside Test Suite Setup</arg>
</arguments>
<msg timestamp="20210704 15:06:03.090" level="INFO">I am inside Test Suite Setup</msg>
<status status="PASS" starttime="20210704 15:06:03.090" endtime="20210704 15:06:03.090"></status>
</kw>
<test id="s1-t1" name="MySecondTest">
<kw name="Log" library="BuiltIn" type="setup">
<doc>Logs the given message with the given level.</doc>
<arguments>
<arg>I am inside Test Setup</arg>
</arguments>
<msg timestamp="20210704 15:06:03.091" level="INFO">I am inside Test Setup</msg>
<status status="PASS" starttime="20210704 15:06:03.091" endtime="20210704 15:06:03.091"></status>
</kw>
<kw name="Log" library="BuiltIn">
<doc>Logs the given message with the given level.</doc>
<arguments>
<arg>I am inside 2nd test</arg>
</arguments>
<msg timestamp="20210704 15:06:03.092" level="INFO">I am inside 2nd test</msg>
<status status="PASS" starttime="20210704 15:06:03.092" endtime="20210704 15:06:03.092"></status>
</kw>
<kw name="Set Tags" library="BuiltIn">
<doc>Adds given ``tags`` for the current test or all tests in a suite.</doc>
<arguments>
<arg>regression1</arg>
</arguments>
<msg timestamp="20210704 15:06:03.092" level="INFO">Set tag 'regression1'.</msg>
<status status="PASS" starttime="20210704 15:06:03.092" endtime="20210704 15:06:03.092"></status>
</kw>
<kw name="Remove Tags" library="BuiltIn">
<doc>Removes given ``tags`` from the current test or all tests in a suite.</doc>
<arguments>
<arg>regression1</arg>
</arguments>
<msg timestamp="20210704 15:06:03.093" level="INFO">Removed tag 'regression1'.</msg>
<status status="PASS" starttime="20210704 15:06:03.093" endtime="20210704 15:06:03.093"></status>
</kw>
<kw name="Log" library="BuiltIn" type="teardown">
<doc>Logs the given message with the given level.</doc>
<arguments>
<arg>I am inside Test Teardown</arg>
</arguments>
<msg timestamp="20210704 15:06:03.094" level="INFO">I am inside Test Teardown</msg>
<status status="PASS" starttime="20210704 15:06:03.094" endtime="20210704 15:06:03.094"></status>
</kw>
<tags>
<tag>example</tag>
</tags>
<status status="PASS" starttime="20210704 15:06:03.090" endtime="20210704 15:06:03.094" critical="yes"></status>
</test>
<kw name="Log" library="BuiltIn" type="teardown">
<doc>Logs the given message with the given level.</doc>
<arguments>
<arg>I am inside Test Suite Teardown</arg>
</arguments>
<msg timestamp="20210704 15:06:03.096" level="INFO">I am inside Test Suite Teardown</msg>
<status status="PASS" starttime="20210704 15:06:03.096" endtime="20210704 15:06:03.096"></status>
</kw>
<status status="PASS" starttime="20210704 15:06:02.804" endtime="20210704 15:06:03.096"></status>
</suite>
<statistics>
<total>
<stat pass="1" fail="0">Critical Tests</stat>
<stat pass="1" fail="0">All Tests</stat>
</total>
<tag>
<stat pass="1" fail="0">example</stat>
</tag>
<suite>
<stat pass="1" fail="0" id="s1" name="TestSuite1">TestSuite1</stat>
</suite>
</statistics>
<errors>
</errors>
</robot>
